{"logLevel":"debug","message":"multithreading is set to false"}
{"logLevel":"debug","message":"Using reflection to scan dependencies for gauge implementations..."}
{"logLevel":"debug","message":"gauge-java took 622milliseconds to load and scan. This should be less than 'runner_connection_timeout' config value."}
{"logLevel":"debug","message":"run 'gauge config runner_connection_timeout' and verify that it is < 622"}
{"logLevel":"debug","message":"starting gRPC server..."}
{"logLevel":"debug","message":"started gRPC server on port 53181"}
{"logLevel":"info","message":"Listening on port:53181"}
{"logLevel":"debug","message":"Scanning packages for steps"}
{"logLevel":"debug","message":"Comparing 'org.example.StepImplementation.click' and 'org.example.StepImplementation.click'"}
{"logLevel":"debug","message":"Found Click on button have {} in current project scope."}
{"logLevel":"debug","message":"Comparing 'org.example.StepImplementation.openBrowser' and 'org.example.StepImplementation.openBrowser'"}
{"logLevel":"debug","message":"Found Open the {} homepage in current project scope."}
{"logLevel":"debug","message":"Comparing 'org.example.StepImplementation.inputText' and 'org.example.StepImplementation.inputText'"}
{"logLevel":"debug","message":"Found Input {} into textbox have {} in current project scope."}
{"logLevel":"debug","message":"Comparing 'org.example.StepImplementation.sleep' and 'org.example.StepImplementation.sleep'"}
{"logLevel":"debug","message":"Found Sleep 5s in current project scope."}
{"logLevel":"debug","message":"Scanning packages for hooks"}
{"logLevel":"debug","message":"Scanned steps (using static parsing + reflections): "}
{"logLevel":"debug","message":"\tClick on button have {} : public void click(String xpath)"}
{"logLevel":"debug","message":"\tSleep 5s : public void sleep() throws InterruptedException"}
{"logLevel":"debug","message":"\tOpen the {} homepage : public void openBrowser(String urlOfWebsite)"}
{"logLevel":"debug","message":"\tInput {} into textbox have {} : public void inputText(String text, String xpath)"}
{"logLevel":"debug","message":"Killing Java runner..."}
{"logLevel":"debug","message":"Stopping execution pool..."}
{"logLevel":"debug","message":"Shutting down grpc server..."}
{"logLevel":"debug","message":"Runner killed gracefully."}
